<?xml version="1.0" encoding="UTF-8"?>
<!-- Generated by org.testng.reporters.JUnitReportReporter -->
<testsuite ignored="0" hostname="tb-ricyan-w10a" failures="0" tests="1" name="selenium.NewTest" time="2.442" errors="0" timestamp="18 Jan 2025 16:34:18 GMT" skipped="0">
  <testcase classname="selenium.NewTest" name="f" time="2.442"/>
</testsuite> <!-- selenium.NewTest -->
